
> ann-light@0.1.0 build
> next build

Attention: Next.js now collects completely anonymous telemetry regarding usage.
This information is used to shape Next.js' roadmap and prioritize features.
You can learn more, including how to opt-out if you'd not like to participate in this anonymous program, by visiting the following URL:
https://nextjs.org/telemetry

Γצ▓ Next.js 16.2.2 (Turbopack)
- Environments: .env

node.exe : Γתá The 
"middleware" file 
convention is deprecated. 
Please use "proxy" 
instead. Learn more: https
://nextjs.org/docs/message
s/middleware-to-proxy
At line:1 char:1
+ & "C:\Program 
Files\nodejs/node.exe" 
"C:\Program 
Files\nodejs/node_mo ...
+ ~~~~~~~~~~~~~~~~~~~~~~~~
~~~~~~~~~~~~~~~~~~~~~~~~~~
~~~~~~~~~~~~~~~~~~~
    + CategoryInfo        
      : NotSpecified: (Γ  
  תá The "middle...lewa   
 re-to-proxy:String) [    
], RemoteException
    + FullyQualifiedError 
   Id : NativeCommandErr  
  or
 
  Creating an optimized production build ...

> Build error occurred
Error: Turbopack build 
failed with 2 errors:
./src/app/[locale]/layout.
tsx:4:1
Module not found: Can't 
resolve 'next-navigation'
  [90m2 |[0m 
[36mimport[0m { [33mNex
tIntlClientProvider[0m } 
[36mfrom[0m 
[32m'next-intl'[0m;
  [90m3 |[0m 
[36mimport[0m { 
getMessages } 
[36mfrom[0m [32m'next-i
ntl/server'[0m;
[31m[1m>[0m [90m4 
|[0m [36mimport[0m { 
notFound } [36mfrom[0m 
[32m'next-navigation'[0m;
  [90m  |[0m [31m[1m^^
^^^^^^^^^^^^^^^^^^^^^^^^^^
^^^^^^^^^^^^^^^[0m
  [90m5 |[0m 
[36mimport[0m { routing 
} [36mfrom[0m 
[32m'@/i18n/routing'[0m;
  [90m6 |[0m 
[36mimport[0m 
[33mNavigation[0m 
[36mfrom[0m [32m'@/comp
onents/Navigation'[0m;
  [90m7 |[0m 
[36mimport[0m 
[33mFooter[0m 
[36mfrom[0m [32m'@/comp
onents/Footer'[0m;



https://nextjs.org/docs/me
ssages/module-not-found


./src/i18n/request.ts:2:1
Module not found: Can't 
resolve 'next-navigation'
  [90m1 |[0m 
[36mimport[0m { 
getRequestConfig } 
[36mfrom[0m [32m'next-i
ntl/server'[0m;
[31m[1m>[0m [90m2 
|[0m [36mimport[0m { 
notFound } [36mfrom[0m 
[32m'next-navigation'[0m;
  [90m  |[0m [31m[1m^^
^^^^^^^^^^^^^^^^^^^^^^^^^^
^^^^^^^^^^^^^^^[0m
  [90m3 |[0m 
[36mimport[0m { routing 
} [36mfrom[0m 
[32m'./routing'[0m;
  [90m4 |[0m
  [90m5 |[0m 
[36mexport[0m 
[36mdefault[0m getReques
tConfig([36masync[0m ({ 
locale }) => {



Import traces:
  Server Component:
    ./src/i18n/request.ts
    ./node_modules/next-in
tl/dist/esm/production/ser
ver/react-server/getConfig
.js
    ./node_modules/next-in
tl/dist/esm/production/ser
ver/react-server/getTransl
ations.js
    ./src/app/[locale]/cat
alog/page.tsx

  Edge Middleware:
    ./src/i18n/request.ts
    ./node_modules/next-in
tl/dist/esm/production/ser
ver/react-server/getConfig
.js
    ./node_modules/next-in
tl/dist/esm/production/nav
igation/react-server/getSe
rverLocale.js
    ./node_modules/next-in
tl/dist/esm/production/nav
igation/react-server/creat
eNavigation.js
    ./src/i18n/routing.ts
    ./src/middleware.ts

https://nextjs.org/docs/me
ssages/module-not-found


    at <unknown> (./src/ap
p/[locale]/layout.tsx:4:1)
    at <unknown> (https://
nextjs.org/docs/messages/m
odule-not-found)
    at <unknown> (./src/i1
8n/request.ts:2:1)
    at <unknown> (https://
nextjs.org/docs/messages/m
odule-not-found)
